Test details from r_main.R: 
Time of running:  2015-04-10 21:19:17 

KS test for figure: Coherent Shift of Eligibility Criteria: 
0.294117647058824
0.00278821704004942
the CDF of x lies above that of y
Two-sample Kolmogorov-Smirnov test
as.numeric(A$jsd_pre) and as.numeric(A$jsd_post)

KS test for figure: Coherent Shift for Robust/BBW Drugs: 
0.3
0.0111089965382423
the CDF of x lies above that of y
Two-sample Kolmogorov-Smirnov test
as.numeric(A_ROBUST$jsd_pre) and as.numeric(A_ROBUST$jsd_post)


0.388888888888889
0.0657285286165305
the CDF of x lies above that of y
Two-sample Kolmogorov-Smirnov test
as.numeric(A_BBW$jsd_pre) and as.numeric(A_BBW$jsd_post)

KS test for figure: Emerging Criteria Level for ROBUST/BBW Drugs: 
0.293333333333333
0.102525158799095
the CDF of x lies above that of y
Two-sample Kolmogorov-Smirnov test
as.numeric(info[info$group == "BBW", ]$newOccureScore) and as.numeric(info[info$group == "ROBUST", ]$newOccureScore)
