Test details from r_main.R: 
Time of running:  2015-04-10 20:53:59 

KS test for figure: Coherent Shift of Eligibility Criteria: 
0.365853658536585
0.00413691524802768
the CDF of x lies above that of y
Two-sample Kolmogorov-Smirnov test
as.numeric(A$jsd_pre) and as.numeric(A$jsd_post)

KS test for figure: Coherent Shift for Robust/BBW Drugs: 
0.357142857142857
0.0281156597489721
the CDF of x lies above that of y
Two-sample Kolmogorov-Smirnov test
as.numeric(A_ROBUST$jsd_pre) and as.numeric(A_ROBUST$jsd_post)


0.384615384615385
0.146156557071542
the CDF of x lies above that of y
Two-sample Kolmogorov-Smirnov test
as.numeric(A_BBW$jsd_pre) and as.numeric(A_BBW$jsd_post)

KS test for figure: Emerging Criteria Level for ROBUST/BBW Drugs: 
0.222527472527472
0.415092085145055
the CDF of x lies below that of y
Two-sample Kolmogorov-Smirnov test
as.numeric(info[info$group == "BBW", ]$newOccureScore) and as.numeric(info[info$group == "ROBUST", ]$newOccureScore)
