Test details from r_main.R: 
Time of running:  2015-04-10 20:45:30 

KS test for figure: Coherent Shift of Eligibility Criteria: 
0.235294117647059
0.390168543423977
the CDF of x lies above that of y
Two-sample Kolmogorov-Smirnov test
as.numeric(A$jsd_pre) and as.numeric(A$jsd_post)

KS test for figure: Coherent Shift for Robust/BBW Drugs: 
0.4
0.201896517994655
the CDF of x lies above that of y
Two-sample Kolmogorov-Smirnov test
as.numeric(A_ROBUST$jsd_pre) and as.numeric(A_ROBUST$jsd_post)


0.142857142857143
0.866877899750182
the CDF of x lies above that of y
Two-sample Kolmogorov-Smirnov test
as.numeric(A_BBW$jsd_pre) and as.numeric(A_BBW$jsd_post)

KS test for figure: Emerging Criteria Level for ROBUST/BBW Drugs: 
0.414285714285714
0.243303564624485
the CDF of x lies below that of y
Two-sample Kolmogorov-Smirnov test
as.numeric(info[info$group == "BBW", ]$newOccureScore) and as.numeric(info[info$group == "ROBUST", ]$newOccureScore)
