Test details from r_main.R: 
Time of running:  2015-04-06 04:30:30 

KS test for figure: Coherent Shift of Eligibility Criteria: 
0.325301204819277
0.000153297124420362
the CDF of x lies above that of y
Two-sample Kolmogorov-Smirnov test
as.numeric(A$jsd_pre) and as.numeric(A$jsd_post)

KS test for figure: Coherent Shift for Robust/BBW Drugs: 
0.316666666666667
0.00243778200684956
the CDF of x lies above that of y
Two-sample Kolmogorov-Smirnov test
as.numeric(A_ROBUST$jsd_pre) and as.numeric(A_ROBUST$jsd_post)


0.521739130434783
0.0019095845661448
the CDF of x lies above that of y
Two-sample Kolmogorov-Smirnov test
as.numeric(A_BBW$jsd_pre) and as.numeric(A_BBW$jsd_post)

KS test for figure: Emerging Criteria Level for ROBUST/BBW Drugs: 
0.231159420289855
0.169167830382477
the CDF of x lies above that of y
Two-sample Kolmogorov-Smirnov test
as.numeric(info[info$group == "BBW", ]$newOccureScore) and as.numeric(info[info$group == "ROBUST", ]$newOccureScore)
